d:\google drive\projects\visual studio\cscan\cscan\debug\vc140.pdb
d:\google drive\projects\visual studio\cscan\cscan\debug\vc140.idb
d:\google drive\projects\visual studio\cscan\cscan\debug\digit_count.obj
d:\google drive\projects\visual studio\cscan\cscan\debug\digit_get.obj
d:\google drive\projects\visual studio\cscan\cscan\debug\digit_put.obj
d:\google drive\projects\visual studio\cscan\cscan\debug\digit_switch.obj
d:\google drive\projects\visual studio\cscan\cscan\debug\test.obj
d:\google drive\projects\visual studio\cscan\cscan\debug\scan_arrowy.obj
d:\google drive\projects\visual studio\cscan\cscan\debug\scan_date.obj
d:\google drive\projects\visual studio\cscan\cscan\debug\scan_functions.obj
d:\google drive\projects\visual studio\cscan\cscan\debug\scan_int.obj
d:\google drive\projects\visual studio\cscan\cscan\debug\scan_real.obj
d:\google drive\projects\visual studio\cscan\cscan\debug\scan_str.obj
d:\google drive\projects\visual studio\cscan\cscan\debug\scan_uint.obj
d:\google drive\projects\visual studio\cscan\debug\cscan.ilk
d:\google drive\projects\visual studio\cscan\debug\cscan.exe
d:\google drive\projects\visual studio\cscan\debug\cscan.pdb
d:\google drive\projects\visual studio\cscan\cscan\debug\cscan.tlog\cl.command.1.tlog
d:\google drive\projects\visual studio\cscan\cscan\debug\cscan.tlog\cl.read.1.tlog
d:\google drive\projects\visual studio\cscan\cscan\debug\cscan.tlog\cl.write.1.tlog
d:\google drive\projects\visual studio\cscan\cscan\debug\cscan.tlog\link.command.1.tlog
d:\google drive\projects\visual studio\cscan\cscan\debug\cscan.tlog\link.read.1.tlog
d:\google drive\projects\visual studio\cscan\cscan\debug\cscan.tlog\link.write.1.tlog
