d:\google drive\projects\visual studio\archive\stock manager - copy\stock manager\release\vc140.pdb
d:\google drive\projects\visual studio\archive\stock manager - copy\stock manager\release\digit_switch.obj
d:\google drive\projects\visual studio\archive\stock manager - copy\stock manager\release\digit_put.obj
d:\google drive\projects\visual studio\archive\stock manager - copy\stock manager\release\digit_get.obj
d:\google drive\projects\visual studio\archive\stock manager - copy\stock manager\release\digit_count.obj
d:\google drive\projects\visual studio\archive\stock manager - copy\stock manager\release\scan_date.obj
d:\google drive\projects\visual studio\archive\stock manager - copy\stock manager\release\scan_uint.obj
d:\google drive\projects\visual studio\archive\stock manager - copy\stock manager\release\scan_str.obj
d:\google drive\projects\visual studio\archive\stock manager - copy\stock manager\release\scan_real.obj
d:\google drive\projects\visual studio\archive\stock manager - copy\stock manager\release\scan_int.obj
d:\google drive\projects\visual studio\archive\stock manager - copy\stock manager\release\scan_arrowy.obj
d:\google drive\projects\visual studio\archive\stock manager - copy\stock manager\release\main.obj
d:\google drive\projects\visual studio\archive\stock manager - copy\stock manager\release\scan_functions.obj
d:\google drive\projects\visual studio\archive\stock manager - copy - copy\stock manager\release\digit_count.obj
d:\google drive\projects\visual studio\archive\stock manager - copy - copy\stock manager\release\digit_get.obj
d:\google drive\projects\visual studio\archive\stock manager - copy - copy\stock manager\release\digit_put.obj
d:\google drive\projects\visual studio\archive\stock manager - copy - copy\stock manager\release\digit_switch.obj
d:\google drive\projects\visual studio\archive\stock manager - copy - copy\stock manager\release\main.obj
d:\google drive\projects\visual studio\archive\stock manager - copy - copy\stock manager\release\scan_arrowy.obj
d:\google drive\projects\visual studio\archive\stock manager - copy - copy\stock manager\release\scan_date.obj
d:\google drive\projects\visual studio\archive\stock manager - copy - copy\stock manager\release\scan_functions.obj
d:\google drive\projects\visual studio\archive\stock manager - copy - copy\stock manager\release\scan_int.obj
d:\google drive\projects\visual studio\archive\stock manager - copy - copy\stock manager\release\scan_real.obj
d:\google drive\projects\visual studio\archive\stock manager - copy - copy\stock manager\release\scan_str.obj
d:\google drive\projects\visual studio\archive\stock manager - copy - copy\stock manager\release\scan_uint.obj
d:\google drive\projects\visual studio\archive\stock manager - copy - copy\stock manager\release\vc140.pdb
d:\google drive\projects\visual studio\archive\stock manager - copy - copy\stock manager\release\stock manager.tlog\cl.command.1.tlog
d:\google drive\projects\visual studio\archive\stock manager - copy - copy\stock manager\release\stock manager.tlog\cl.read.1.tlog
d:\google drive\projects\visual studio\archive\stock manager - copy - copy\stock manager\release\stock manager.tlog\cl.write.1.tlog
d:\google drive\projects\visual studio\archive\stock manager - copy - copy\stock manager\release\stock manager.tlog\link.command.1.tlog
d:\google drive\projects\visual studio\archive\stock manager - copy - copy\stock manager\release\stock manager.tlog\link.read.1.tlog
d:\google drive\projects\visual studio\archive\stock manager - copy - copy\stock manager\release\stock manager.tlog\link.write.1.tlog
