d:\google drive\projects\visual studio\stock manager\stock manager\debug\vc140.pdb
d:\google drive\projects\visual studio\stock manager\stock manager\debug\vc140.idb
d:\google drive\projects\visual studio\stock manager\stock manager\debug\cons.obj
d:\google drive\projects\visual studio\stock manager\stock manager\debug\functions.obj
d:\google drive\projects\visual studio\stock manager\stock manager\debug\digit.obj
d:\google drive\projects\visual studio\stock manager\stock manager\debug\globals.obj
d:\google drive\projects\visual studio\stock manager\stock manager\debug\interface.obj
d:\google drive\projects\visual studio\stock manager\stock manager\debug\main.obj
d:\google drive\projects\visual studio\stock manager\stock manager\debug\msg.obj
d:\google drive\projects\visual studio\stock manager\stock manager\debug\scan_arrow.obj
d:\google drive\projects\visual studio\stock manager\stock manager\debug\scan_int.obj
d:\google drive\projects\visual studio\stock manager\stock manager\debug\scan_real.obj
d:\google drive\projects\visual studio\stock manager\stock manager\debug\scan_str.obj
d:\google drive\projects\visual studio\stock manager\stock manager\debug\scan_unsint.obj
d:\google drive\projects\visual studio\stock manager\stock manager\debug\sui.obj
d:\google drive\projects\visual studio\stock manager\stock manager\debug\scan_date.obj
d:\google drive\projects\visual studio\stock manager\debug\stock manager.ilk
d:\google drive\projects\visual studio\stock manager\debug\stock manager.exe
d:\google drive\projects\visual studio\stock manager\debug\stock manager.pdb
d:\google drive\projects\visual studio\stock manager\stock manager\debug\digit.obj.enc
d:\google drive\projects\visual studio\stock manager\stock manager\debug\interface.obj.enc
d:\google drive\projects\visual studio\stock manager\stock manager\debug\stock manager.tlog\cl.command.1.tlog
d:\google drive\projects\visual studio\stock manager\stock manager\debug\stock manager.tlog\cl.read.1.tlog
d:\google drive\projects\visual studio\stock manager\stock manager\debug\stock manager.tlog\cl.write.1.tlog
d:\google drive\projects\visual studio\stock manager\stock manager\debug\stock manager.tlog\link.command.1.tlog
d:\google drive\projects\visual studio\stock manager\stock manager\debug\stock manager.tlog\link.read.1.tlog
d:\google drive\projects\visual studio\stock manager\stock manager\debug\stock manager.tlog\link.write.1.tlog
